--- Copying files at Mon Feb 26 22:25:26 UTC 2024
INSTALLED init.groovy.d/setupJenkins.groovy
INSTALLED plugins/pipeline-stage-tags-metadata.jpi : 1.5.0
INSTALLED plugins/git-client.jpi : 3.0.0
INSTALLED plugins/workflow-multibranch.jpi : 2.21
INSTALLED plugins/workflow-api.jpi : 2.38
INSTALLED plugins/mailer.jpi : 1.29
INSTALLED plugins/structs.jpi : 1.20
INSTALLED plugins/junit.jpi : 1.28
INSTALLED plugins/credentials-binding.jpi : 1.20
INSTALLED plugins/jackson2-api.jpi : 2.10.1
INSTALLED plugins/jdk-tool.jpi : 1.4
INSTALLED plugins/timestamper.jpi : 1.10
INSTALLED plugins/ldap.jpi : 1.21
INSTALLED plugins/github-branch-source.jpi : 2.5.8
INSTALLED plugins/workflow-step-api.jpi : 2.21
INSTALLED plugins/resource-disposer.jpi : 0.14
INSTALLED plugins/handlebars.jpi : 1.1.1
INSTALLED plugins/pipeline-stage-step.jpi : 2.3
INSTALLED plugins/pipeline-graph-analysis.jpi : 1.10
INSTALLED plugins/jquery-detached.jpi : 1.2.1
INSTALLED plugins/ws-cleanup.jpi : 0.38
INSTALLED plugins/workflow-durable-task-step.jpi : 2.35
INSTALLED plugins/pipeline-model-extensions.jpi : 1.5.0
INSTALLED plugins/antisamy-markup-formatter.jpi : 1.6
INSTALLED plugins/pipeline-model-definition.jpi : 1.5.0
INSTALLED plugins/credentials.jpi : 2.3.0
INSTALLED plugins/github-api.jpi : 1.95
INSTALLED plugins/docker-workflow.jpi : 1.21
INSTALLED plugins/pipeline-input-step.jpi : 2.11
INSTALLED plugins/pipeline-model-declarative-agent.jpi : 1.1.1
INSTALLED plugins/display-url-api.jpi : 2.3.2
INSTALLED plugins/workflow-aggregator.jpi : 2.6
INSTALLED plugins/command-launcher.jpi : 1.4
INSTALLED plugins/durable-task.jpi : 1.33
INSTALLED plugins/workflow-support.jpi : 3.3
INSTALLED plugins/branch-api.jpi : 2.5.5
INSTALLED plugins/scm-api.jpi : 2.6.3
INSTALLED plugins/workflow-basic-steps.jpi : 2.18
INSTALLED plugins/workflow-job.jpi : 2.36
INSTALLED plugins/plain-credentials.jpi : 1.5
INSTALLED plugins/lockable-resources.jpi : 2.7
INSTALLED plugins/authentication-tokens.jpi : 1.3
INSTALLED plugins/bouncycastle-api.jpi : 2.17
INSTALLED plugins/matrix-project.jpi : 1.14
INSTALLED plugins/workflow-cps-global-lib.jpi : 2.15
INSTALLED plugins/pipeline-stage-view.jpi : 2.12
INSTALLED plugins/ace-editor.jpi : 1.1
INSTALLED plugins/momentjs.jpi : 1.1.1
INSTALLED plugins/script-security.jpi : 1.68
INSTALLED plugins/apache-httpcomponents-client-4-api.jpi : 4.5.10-2.0
INSTALLED plugins/trilead-api.jpi : 1.0.5
INSTALLED plugins/docker-commons.jpi : 1.16
INSTALLED plugins/pam-auth.jpi : 1.6
INSTALLED plugins/workflow-cps.jpi : 2.78
INSTALLED plugins/jsch.jpi : 0.1.55.1
INSTALLED plugins/pipeline-build-step.jpi : 2.10
INSTALLED plugins/ssh-slaves.jpi : 1.31.0
INSTALLED plugins/pipeline-model-api.jpi : 1.5.0
INSTALLED plugins/gradle.jpi : 1.35
INSTALLED plugins/pipeline-rest-api.jpi : 2.12
INSTALLED plugins/build-timeout.jpi : 1.19
INSTALLED plugins/git.jpi : 4.0.0
INSTALLED plugins/matrix-auth.jpi : 2.5
INSTALLED plugins/workflow-scm-step.jpi : 2.9
INSTALLED plugins/cloudbees-folder.jpi : 6.10.1
INSTALLED plugins/subversion.jpi : 2.13.0
INSTALLED plugins/token-macro.jpi : 2.10
INSTALLED plugins/email-ext.jpi : 2.68
INSTALLED plugins/ant.jpi : 1.10
INSTALLED plugins/git-server.jpi : 1.9
INSTALLED plugins/ssh-credentials.jpi : 1.18
INSTALLED plugins/github.jpi : 1.29.5
INSTALLED plugins/pipeline-github-lib.jpi : 1.0
INSTALLED plugins/pipeline-milestone-step.jpi : 1.3.1
INSTALLED plugins/mapdb-api.jpi : 1.0.9.0
INSTALLED plugins.txt
--- Copying files at Mon Feb 26 22:29:14 UTC 2024
SKIPPED plugins/mailer.jpi : Installed version (463.vedf8358e006b_) has been manually upgraded from initial version (1.29)
SKIPPED plugins/structs.jpi : Installed version (337.v1b_04ea_4df7c8) has been manually upgraded from initial version (1.20)
SKIPPED plugins/jackson2-api.jpi : Installed version (2.16.1-373.ve709c6871598) has been manually upgraded from initial version (2.10.1)
SKIPPED plugins/jdk-tool.jpi : Installed version (73.vddf737284550) has been manually upgraded from initial version (1.4)
SKIPPED plugins/ldap.jpi : Installed version (711.vb_d1a_491714dc) has been manually upgraded from initial version (1.21)
SKIPPED plugins/resource-disposer.jpi : Installed version (0.23) has been manually upgraded from initial version (0.14)
SKIPPED plugins/handlebars.jpi : Installed version (3.0.8) has been manually upgraded from initial version (1.1.1)
SKIPPED plugins/antisamy-markup-formatter.jpi : Installed version (162.v0e6ec0fcfcf6) has been manually upgraded from initial version (1.6)
SKIPPED plugins/credentials.jpi : Installed version (1319.v7eb_51b_3a_c97b_) has been manually upgraded from initial version (2.3.0)
SKIPPED plugins/github-api.jpi : Installed version (1.318-461.v7a_c09c9fa_d63) has been manually upgraded from initial version (1.95)
SKIPPED plugins/display-url-api.jpi : Installed version (2.200.vb_9327d658781) has been manually upgraded from initial version (2.3.2)
SKIPPED plugins/command-launcher.jpi : Installed version (107.v773860566e2e) has been manually upgraded from initial version (1.4)
SKIPPED plugins/durable-task.jpi : Installed version (550.v0930093c4b_a_6) has been manually upgraded from initial version (1.33)
SKIPPED plugins/bouncycastle-api.jpi : Installed version (2.30.1.77-225.v26ea_c9455fd9) has been manually upgraded from initial version (2.17)
SKIPPED plugins/script-security.jpi : Installed version (1326.vdb_c154de8669) has been manually upgraded from initial version (1.68)
SKIPPED plugins/apache-httpcomponents-client-4-api.jpi : Installed version (4.5.14-208.v438351942757) has been manually upgraded from initial version (4.5.10-2.0)
SKIPPED plugins/trilead-api.jpi : Installed version (2.133.vfb_8a_7b_9c5dd1) has been manually upgraded from initial version (1.0.5)
SKIPPED plugins/pam-auth.jpi : Installed version (1.10) has been manually upgraded from initial version (1.6)
SKIPPED plugins/matrix-auth.jpi : Installed version (3.2.1) has been manually upgraded from initial version (2.5)
SKIPPED plugins/cloudbees-folder.jpi : Installed version (6.901.vb_4c7a_da_75da_3) has been manually upgraded from initial version (6.10.1)
SKIPPED plugins/ssh-credentials.jpi : Installed version (308.ve4497b_ccd8f4) has been manually upgraded from initial version (1.18)
UPGRADED plugins/mapdb-api.jpi : Image version (1.0.9.0) is newer than installed version (1.0.9-28.vf251ce40855d)
--- Copying files at Mon Feb 26 22:46:21 UTC 2024
SKIPPED plugins/mailer.jpi : Installed version (463.vedf8358e006b_) has been manually upgraded from initial version (1.29)
SKIPPED plugins/structs.jpi : Installed version (337.v1b_04ea_4df7c8) has been manually upgraded from initial version (1.20)
SKIPPED plugins/jackson2-api.jpi : Installed version (2.16.1-373.ve709c6871598) has been manually upgraded from initial version (2.10.1)
SKIPPED plugins/jdk-tool.jpi : Installed version (73.vddf737284550) has been manually upgraded from initial version (1.4)
SKIPPED plugins/ldap.jpi : Installed version (711.vb_d1a_491714dc) has been manually upgraded from initial version (1.21)
SKIPPED plugins/resource-disposer.jpi : Installed version (0.23) has been manually upgraded from initial version (0.14)
SKIPPED plugins/handlebars.jpi : Installed version (3.0.8) has been manually upgraded from initial version (1.1.1)
SKIPPED plugins/antisamy-markup-formatter.jpi : Installed version (162.v0e6ec0fcfcf6) has been manually upgraded from initial version (1.6)
SKIPPED plugins/credentials.jpi : Installed version (1319.v7eb_51b_3a_c97b_) has been manually upgraded from initial version (2.3.0)
SKIPPED plugins/github-api.jpi : Installed version (1.318-461.v7a_c09c9fa_d63) has been manually upgraded from initial version (1.95)
SKIPPED plugins/display-url-api.jpi : Installed version (2.200.vb_9327d658781) has been manually upgraded from initial version (2.3.2)
SKIPPED plugins/command-launcher.jpi : Installed version (107.v773860566e2e) has been manually upgraded from initial version (1.4)
SKIPPED plugins/durable-task.jpi : Installed version (550.v0930093c4b_a_6) has been manually upgraded from initial version (1.33)
SKIPPED plugins/bouncycastle-api.jpi : Installed version (2.30.1.77-225.v26ea_c9455fd9) has been manually upgraded from initial version (2.17)
SKIPPED plugins/script-security.jpi : Installed version (1326.vdb_c154de8669) has been manually upgraded from initial version (1.68)
SKIPPED plugins/apache-httpcomponents-client-4-api.jpi : Installed version (4.5.14-208.v438351942757) has been manually upgraded from initial version (4.5.10-2.0)
SKIPPED plugins/trilead-api.jpi : Installed version (2.133.vfb_8a_7b_9c5dd1) has been manually upgraded from initial version (1.0.5)
SKIPPED plugins/pam-auth.jpi : Installed version (1.10) has been manually upgraded from initial version (1.6)
SKIPPED plugins/matrix-auth.jpi : Installed version (3.2.1) has been manually upgraded from initial version (2.5)
SKIPPED plugins/cloudbees-folder.jpi : Installed version (6.901.vb_4c7a_da_75da_3) has been manually upgraded from initial version (6.10.1)
SKIPPED plugins/ssh-credentials.jpi : Installed version (308.ve4497b_ccd8f4) has been manually upgraded from initial version (1.18)
