Started at Mon Feb 26 23:29:40 UTC 2024
Processing python
Offering python to Project Build Discarder
Finished at Mon Feb 26 23:29:40 UTC 2024. 9ms
Started at Tue Feb 27 00:29:40 UTC 2024
Processing python
Offering python to Project Build Discarder
Finished at Tue Feb 27 00:29:40 UTC 2024. 6ms
Started at Tue Feb 27 01:29:40 UTC 2024
Processing python
Offering python to Project Build Discarder
Finished at Tue Feb 27 01:29:40 UTC 2024. 2ms
Started at Tue Feb 27 02:29:40 UTC 2024
Processing python
Offering python to Project Build Discarder
Finished at Tue Feb 27 02:29:40 UTC 2024. 2ms
Started at Tue Feb 27 03:29:40 UTC 2024
Processing python
Offering python to Project Build Discarder
Finished at Tue Feb 27 03:29:40 UTC 2024. 1ms
Started at Tue Feb 27 04:29:40 UTC 2024
Processing python
Offering python to Project Build Discarder
Finished at Tue Feb 27 04:29:40 UTC 2024. 1ms
Started at Tue Feb 27 05:29:40 UTC 2024
Processing python
Offering python to Project Build Discarder
Finished at Tue Feb 27 05:29:40 UTC 2024. 1ms
Started at Tue Feb 27 06:29:40 UTC 2024
Processing python
Offering python to Project Build Discarder
Finished at Tue Feb 27 06:29:40 UTC 2024. 1ms
Started at Tue Feb 27 07:29:40 UTC 2024
Processing python
Offering python to Project Build Discarder
Finished at Tue Feb 27 07:29:40 UTC 2024. 2ms
Started at Tue Feb 27 08:29:40 UTC 2024
Processing python
Offering python to Project Build Discarder
Finished at Tue Feb 27 08:29:40 UTC 2024. 2ms
Started at Tue Feb 27 09:29:40 UTC 2024
Processing python
Offering python to Project Build Discarder
Finished at Tue Feb 27 09:29:40 UTC 2024. 2ms
Started at Tue Feb 27 10:29:40 UTC 2024
Processing python
Offering python to Project Build Discarder
Finished at Tue Feb 27 10:29:40 UTC 2024. 1ms
